<?xml version="1.0" encoding="UTF-8"?>
<!-- Generated by org.testng.reporters.JUnitXMLReporter -->
<testsuite ignored="4" hostname="LAPTOP-0A10B289" failures="0" tests="0" time="0.016" errors="0" timestamp="2024-05-07T20:49:59 IST">
  <testcase classname="Basics.NewTest2" name="test4" time="0.0">
    <ignored/>
  </testcase> <!-- test4 -->
  <testcase classname="Basics.NewTest2" name="test2" time="0.0">
    <ignored/>
  </testcase> <!-- test2 -->
  <testcase classname="Basics.NewTest2" name="test3" time="0.0">
    <ignored/>
  </testcase> <!-- test3 -->
  <testcase classname="Basics.NewTest2" name="test1" time="0.0">
    <ignored/>
  </testcase> <!-- test1 -->
</testsuite>
