<?xml version="1.0" encoding="UTF-8"?>
<!-- Generated by org.testng.reporters.JUnitXMLReporter -->
<testsuite ignored="2" hostname="LAPTOP-0A10B289" failures="0" tests="2" name="Test" time="0.096" errors="0" timestamp="2024-05-07T20:53:59 IST">
  <testcase classname="Basics.NewTest2" name="test4" time="0.009"/>
  <testcase classname="Basics.NewTest2" name="test1" time="0.002"/>
  <testcase classname="Basics.NewTest2" name="test2" time="0.0">
    <ignored/>
  </testcase> <!-- test2 -->
  <testcase classname="Basics.NewTest2" name="test3" time="0.0">
    <ignored/>
  </testcase> <!-- test3 -->
</testsuite> <!-- Test -->
