<?xml version="1.0" encoding="UTF-8"?>
<testng-results ignored="0" total="2" passed="2" failed="0" skipped="0">
  <reporter-output>
  </reporter-output>
  <suite started-at="2024-05-07T20:53:59 IST" name="Suite" finished-at="2024-05-07T20:53:59 IST" duration-ms="96">
    <groups>
      <group name="smoke">
        <method signature="NewTest2.test4()[pri:0, instance:Basics.NewTest2@18df8434]" name="test4" class="Basics.NewTest2"/>
        <method signature="NewTest2.test1()[pri:3, instance:Basics.NewTest2@18df8434]" name="test1" class="Basics.NewTest2"/>
      </group> <!-- smoke -->
    </groups>
    <test started-at="2024-05-07T20:53:59 IST" name="Test" finished-at="2024-05-07T20:53:59 IST" duration-ms="96">
      <class name="Basics.NewTest2">
        <test-method signature="test4()[pri:0, instance:Basics.NewTest2@18df8434]" started-at="2024-05-07T20:53:59 IST" name="test4" finished-at="2024-05-07T20:53:59 IST" duration-ms="9" status="PASS">
          <reporter-output>
          </reporter-output>
        </test-method> <!-- test4 -->
        <test-method signature="test1()[pri:3, instance:Basics.NewTest2@18df8434]" started-at="2024-05-07T20:53:59 IST" name="test1" finished-at="2024-05-07T20:53:59 IST" duration-ms="2" status="PASS">
          <reporter-output>
          </reporter-output>
        </test-method> <!-- test1 -->
      </class> <!-- Basics.NewTest2 -->
    </test> <!-- Test -->
  </suite> <!-- Suite -->
</testng-results>
